<?xml version="1.0" encoding="UTF-8"?>
<!-- Generated by org.testng.reporters.JUnitXMLReporter -->
<testsuite ignored="0" hostname="MacBook-Pro-de-Antonio.local" failures="1" tests="11" name="Command line test" time="4.158" errors="0" timestamp="2021-09-16T00:43:57 PET">
  <testcase classname="translatorTest.TranslatorTest" name="TestConnBuilderConnSuccess" time="0.305"/>
  <testcase classname="translatorTest.TranslatorTest" name="TestConnBuilderTranslateFail" time="2.438"/>
  <testcase classname="translatorTest.TranslatorTest" name="TestConnBuilderTranslateSuccess" time="1.265"/>
  <testcase classname="translatorTest.TranslatorTest" name="TestConnBuilderUserAgentSuccess" time="0.001"/>
  <testcase classname="translatorTest.TranslatorTest" name="TestTranslateFailEmptyFrom" time="0.001"/>
  <testcase classname="translatorTest.TranslatorTest" name="TestTranslateFailEmptyText" time="0.001"/>
  <testcase classname="translatorTest.TranslatorTest" name="TestTranslateFailEmptyTo" time="0.001"/>
  <testcase classname="translatorTest.TranslatorTest" name="TestTranslateFailFullText" time="0.001"/>
  <testcase classname="translatorTest.TranslatorTest" name="TestUrlBuilderFail" time="0.004"/>
  <testcase classname="translatorTest.TranslatorTest" name="TestUrlBuilderSuccess" time="0.0"/>
  <testcase classname="translatorTest.MainTest" name="TestMainTranslatorSuccess" time="0.005">
    <failure type="java.lang.NoSuchMethodError" message="&amp;apos;java.lang.String main.Main.translate(java.lang.String, java.lang.String)&amp;apos;">
      <![CDATA[java.lang.NoSuchMethodError: 'java.lang.String main.Main.translate(java.lang.String, java.lang.String)'
at translatorTest.MainTest.TestMainTranslatorSuccess(MainTest.java:15)
at java.base/java.util.ArrayList.forEach(ArrayList.java:1511)
... Removed 37 stack frames]]>
    </failure>
  </testcase> <!-- TestMainTranslatorSuccess -->
</testsuite> <!-- Command line test -->
