<?xml version="1.0" encoding="UTF-8" ?>
<testsuite tests="93" failures="2" name="TestSuite" time="345.206" errors="0" skipped="0">
  <properties>
[...]
</properties>
  <testcase classname="translatorTest.TranslatorTest" name="TestConnBuilderConnSuccess" time="0.272">
    <failure message="expected [400] but found [4000]" type="java.lang.AssertionError">java.lang.AssertionError: expected [400] but found [4000]
	at org.testng.Assert.fail(Assert.java:99)
	at org.testng.Assert.failNotEquals(Assert.java:1037)
	at org.testng.Assert.assertEqualsImpl(Assert.java:140)
	at org.testng.Assert.assertEquals(Assert.java:122)
	at org.testng.Assert.assertEquals(Assert.java:907)
	at org.testng.Assert.assertEquals(Assert.java:917)
	at translatorTest.TranslatorTest.TestConnBuilderConnSuccess(TranslatorTest.java:31)
</failure>
    <system-out>Configuring TestNG with: org.apache.maven.surefire.testng.conf.TestNG652Configurator@77e4c80f
</system-out>
  </testcase>
  <testcase classname="translatorTest.TranslatorTest" name="TestConnBuilderTranslateFail" time="6.517"/>
  <testcase classname="translatorTest.TranslatorTest" name="TestConnBuilderTranslateSuccess" time="3.364"/>
  <testcase classname="translatorTest.TranslatorTest" name="TestConnBuilderUserAgentSuccess" time="0"/>
  <testcase classname="translatorTest.TranslatorTest" name="TestTranslateFailEmptyFrom" time="0.002"/>
  <testcase classname="translatorTest.TranslatorTest" name="TestTranslateFailEmptyText" time="0"/>
  <testcase classname="translatorTest.TranslatorTest" name="TestTranslateFailEmptyTo" time="0.001"/>
  <testcase classname="translatorTest.TranslatorTest" name="TestTranslateFailFullText" time="0.001"/>
  <testcase classname="translatorTest.TranslatorTest" name="TestUrlBuilderFail" time="0.003"/>
  <testcase classname="translatorTest.TranslatorTest" name="TestUrlBuilderSuccess" time="0.009">
    <failure message="expected [https://script.google.com/macros/s/AKfycbz9NhqBIiBztjNDKRcyI0zo3Wq12b7e-eXSDzx0wNsQf2WW-IDmJIfp6_jJJd8Sp_oO/exec?q=xd&amp;target=some&amp;source=some] but found [https://script.google.com/macros/s/AKfycbxJSBqm1GK9L2Rmw9Ru3UTJpY3cnky-1-gul_Po9aL0LhWrhkK0kLlnSGvRkqsfxnp5/exec?q=xd&amp;target=some&amp;source=some]" type="java.lang.AssertionError">java.lang.AssertionError: expected [https://script.google.com/macros/s/AKfycbz9NhqBIiBztjNDKRcyI0zo3Wq12b7e-eXSDzx0wNsQf2WW-IDmJIfp6_jJJd8Sp_oO/exec?q=xd&amp;target=some&amp;source=some] but found [https://script.google.com/macros/s/AKfycbxJSBqm1GK9L2Rmw9Ru3UTJpY3cnky-1-gul_Po9aL0LhWrhkK0kLlnSGvRkqsfxnp5/exec?q=xd&amp;target=some&amp;source=some]
	at org.testng.Assert.fail(Assert.java:99)
	at org.testng.Assert.failNotEquals(Assert.java:1037)
	at org.testng.Assert.assertEqualsImpl(Assert.java:140)
	at org.testng.Assert.assertEquals(Assert.java:122)
	at org.testng.Assert.assertEquals(Assert.java:629)
	at org.testng.Assert.assertEquals(Assert.java:639)
	at translatorTest.TranslatorTest.TestUrlBuilderSuccess(TranslatorTest.java:18)
</failure>
  </testcase>
  <testcase classname="translatorTest.TranslatorParallelTest" name="TestTranslation" time="2.928"/>
  <testcase classname="translatorTest.TranslatorParallelTest" name="TestTranslation" time="3.363"/>
  <testcase classname="translatorTest.TranslatorParallelTest" name="TestTranslation" time="3.371"/>
  <testcase classname="translatorTest.TranslatorParallelTest" name="TestTranslation" time="3.372"/>
  <testcase classname="translatorTest.TranslatorParallelTest" name="TestTranslation" time="3.399"/>
  <testcase classname="translatorTest.TranslatorParallelTest" name="TestTranslation" time="3.435"/>
  <testcase classname="translatorTest.TranslatorParallelTest" name="TestTranslation" time="3.437"/>
  <testcase classname="translatorTest.TranslatorParallelTest" name="TestTranslation" time="3.438"/>
  <testcase classname="translatorTest.TranslatorParallelTest" name="TestTranslation" time="3.465"/>
  <testcase classname="translatorTest.TranslatorParallelTest" name="TestTranslation" time="3.472"/>
  <testcase classname="translatorTest.TranslatorParallelTest" name="TestTranslation" time="3.736"/>
  <testcase classname="translatorTest.TranslatorParallelTest" name="TestTranslation" time="3.736"/>
  <testcase classname="translatorTest.TranslatorParallelTest" name="TestTranslation" time="3.736"/>
  <testcase classname="translatorTest.TranslatorParallelTest" name="TestTranslation" time="3.753"/>
  <testcase classname="translatorTest.TranslatorParallelTest" name="TestTranslation" time="3.753"/>
  <testcase classname="translatorTest.TranslatorParallelTest" name="TestTranslation" time="3.767"/>
  <testcase classname="translatorTest.TranslatorParallelTest" name="TestTranslation" time="3.77"/>
  <testcase classname="translatorTest.TranslatorParallelTest" name="TestTranslation" time="3.89"/>
  <testcase classname="translatorTest.TranslatorParallelTest" name="TestTranslation" time="3.94"/>
  <testcase classname="translatorTest.TranslatorParallelTest" name="TestTranslation" time="3.94"/>
  <testcase classname="translatorTest.TranslatorParallelTest" name="TestTranslation" time="3.94"/>
  <testcase classname="translatorTest.TranslatorParallelTest" name="TestTranslation" time="3.945"/>
  <testcase classname="translatorTest.TranslatorParallelTest" name="TestTranslation" time="3.958"/>
  <testcase classname="translatorTest.TranslatorParallelTest" name="TestTranslation" time="3.958"/>
  <testcase classname="translatorTest.TranslatorParallelTest" name="TestTranslation" time="3.964"/>
  <testcase classname="translatorTest.TranslatorParallelTest" name="TestTranslation" time="3.972"/>
  <testcase classname="translatorTest.TranslatorParallelTest" name="TestTranslation" time="3.993"/>
  <testcase classname="translatorTest.TranslatorParallelTest" name="TestTranslation" time="3.996"/>
  <testcase classname="translatorTest.TranslatorParallelTest" name="TestTranslation" time="4.003"/>
  <testcase classname="translatorTest.TranslatorParallelTest" name="TestTranslation" time="4.021"/>
  <testcase classname="translatorTest.TranslatorParallelTest" name="TestTranslation" time="4.036"/>
  <testcase classname="translatorTest.TranslatorParallelTest" name="TestTranslation" time="4.036"/>
  <testcase classname="translatorTest.TranslatorParallelTest" name="TestTranslation" time="4.057"/>
  <testcase classname="translatorTest.TranslatorParallelTest" name="TestTranslation" time="4.064"/>
  <testcase classname="translatorTest.TranslatorParallelTest" name="TestTranslation" time="4.099"/>
  <testcase classname="translatorTest.TranslatorParallelTest" name="TestTranslation" time="4.123"/>
  <testcase classname="translatorTest.TranslatorParallelTest" name="TestTranslation" time="4.128"/>
  <testcase classname="translatorTest.TranslatorParallelTest" name="TestTranslation" time="4.138"/>
  <testcase classname="translatorTest.TranslatorParallelTest" name="TestTranslation" time="4.155"/>
  <testcase classname="translatorTest.TranslatorParallelTest" name="TestTranslation" time="4.173"/>
  <testcase classname="translatorTest.TranslatorParallelTest" name="TestTranslation" time="4.173"/>
  <testcase classname="translatorTest.TranslatorParallelTest" name="TestTranslation" time="4.191"/>
  <testcase classname="translatorTest.TranslatorParallelTest" name="TestTranslation" time="4.207"/>
  <testcase classname="translatorTest.TranslatorParallelTest" name="TestTranslation" time="4.207"/>
  <testcase classname="translatorTest.TranslatorParallelTest" name="TestTranslation" time="4.211"/>
  <testcase classname="translatorTest.TranslatorParallelTest" name="TestTranslation" time="4.211"/>
  <testcase classname="translatorTest.TranslatorParallelTest" name="TestTranslation" time="4.213"/>
  <testcase classname="translatorTest.TranslatorParallelTest" name="TestTranslation" time="4.213"/>
  <testcase classname="translatorTest.TranslatorParallelTest" name="TestTranslation" time="4.213"/>
  <testcase classname="translatorTest.TranslatorParallelTest" name="TestTranslation" time="4.222"/>
  <testcase classname="translatorTest.TranslatorParallelTest" name="TestTranslation" time="4.223"/>
  <testcase classname="translatorTest.TranslatorParallelTest" name="TestTranslation" time="4.223"/>
  <testcase classname="translatorTest.TranslatorParallelTest" name="TestTranslation" time="4.223"/>
  <testcase classname="translatorTest.TranslatorParallelTest" name="TestTranslation" time="4.223"/>
  <testcase classname="translatorTest.TranslatorParallelTest" name="TestTranslation" time="4.224"/>
  <testcase classname="translatorTest.TranslatorParallelTest" name="TestTranslation" time="4.225"/>
  <testcase classname="translatorTest.TranslatorParallelTest" name="TestTranslation" time="4.226"/>
  <testcase classname="translatorTest.TranslatorParallelTest" name="TestTranslation" time="4.228"/>
  <testcase classname="translatorTest.TranslatorParallelTest" name="TestTranslation" time="4.234"/>
  <testcase classname="translatorTest.TranslatorParallelTest" name="TestTranslation" time="4.234"/>
  <testcase classname="translatorTest.TranslatorParallelTest" name="TestTranslation" time="4.237"/>
  <testcase classname="translatorTest.TranslatorParallelTest" name="TestTranslation" time="4.237"/>
  <testcase classname="translatorTest.TranslatorParallelTest" name="TestTranslation" time="4.238"/>
  <testcase classname="translatorTest.TranslatorParallelTest" name="TestTranslation" time="4.24"/>
  <testcase classname="translatorTest.TranslatorParallelTest" name="TestTranslation" time="4.24"/>
  <testcase classname="translatorTest.TranslatorParallelTest" name="TestTranslation" time="4.247"/>
  <testcase classname="translatorTest.TranslatorParallelTest" name="TestTranslation" time="4.254"/>
  <testcase classname="translatorTest.TranslatorParallelTest" name="TestTranslation" time="4.256"/>
  <testcase classname="translatorTest.TranslatorParallelTest" name="TestTranslation" time="4.274"/>
  <testcase classname="translatorTest.TranslatorParallelTest" name="TestTranslation" time="4.288"/>
  <testcase classname="translatorTest.TranslatorParallelTest" name="TestTranslation" time="5.023"/>
  <testcase classname="translatorTest.TranslatorParallelTest" name="TestTranslation" time="5.06"/>
  <testcase classname="translatorTest.TranslatorParallelTest" name="TestTranslation" time="5.064"/>
  <testcase classname="translatorTest.TranslatorParallelTest" name="TestTranslation" time="5.064"/>
  <testcase classname="translatorTest.TranslatorParallelTest" name="TestTranslation" time="5.067"/>
  <testcase classname="translatorTest.TranslatorParallelTest" name="TestTranslation" time="5.069"/>
  <testcase classname="translatorTest.TranslatorParallelTest" name="TestTranslation" time="5.078"/>
  <testcase classname="translatorTest.TranslatorParallelTest" name="TestTranslation" time="5.079"/>
  <testcase classname="translatorTest.TranslatorParallelTest" name="TestTranslation" time="5.128"/>
  <testcase classname="translatorTest.TranslatorParallelTest" name="TestTranslation" time="5.13"/>
  <testcase classname="main.MainTest" name="testFromLanguage" time="0.001"/>
  <testcase classname="main.MainTest" name="testToLanguage" time="0"/>
  <testcase classname="main.MainTest" name="testTranslate" time="4.979"/>
</testsuite>