<?xml version="1.0" encoding="UTF-8"?>
<testng-results ignored="0" total="93" passed="91" failed="2" skipped="0">
  <reporter-output>
  </reporter-output>
  <suite started-at="2021-09-16T01:43:05 PET" name="Command line suite" finished-at="2021-09-16T01:43:26 PET" duration-ms="20799">
    <groups>
    </groups>
    <test started-at="2021-09-16T01:43:05 PET" name="Command line test" finished-at="2021-09-16T01:43:26 PET" duration-ms="20799">
      <class name="translatorTest.TranslatorTest">
        <test-method signature="TestConnBuilderConnSuccess()[pri:0, instance:translatorTest.TranslatorTest@448c8166]" started-at="2021-09-16T01:43:06 PET" name="TestConnBuilderConnSuccess" finished-at="2021-09-16T01:43:06 PET" duration-ms="276" status="FAIL">
          <exception class="java.lang.AssertionError">
            <message>
              <![CDATA[expected [400] but found [4000]]]>
            </message>
            <full-stacktrace>
              <![CDATA[java.lang.AssertionError: expected [400] but found [4000]
at org.testng.Assert.fail(Assert.java:99)
at org.testng.Assert.failNotEquals(Assert.java:1037)
at org.testng.Assert.assertEqualsImpl(Assert.java:140)
at org.testng.Assert.assertEquals(Assert.java:122)
at org.testng.Assert.assertEquals(Assert.java:907)
at org.testng.Assert.assertEquals(Assert.java:917)
at translatorTest.TranslatorTest.TestConnBuilderConnSuccess(TranslatorTest.java:31)
at java.base/jdk.internal.reflect.NativeMethodAccessorImpl.invoke0(Native Method)
at java.base/jdk.internal.reflect.NativeMethodAccessorImpl.invoke(NativeMethodAccessorImpl.java:78)
at java.base/jdk.internal.reflect.DelegatingMethodAccessorImpl.invoke(DelegatingMethodAccessorImpl.java:43)
at java.base/java.lang.reflect.Method.invoke(Method.java:567)
at org.testng.internal.MethodInvocationHelper.invokeMethod(MethodInvocationHelper.java:132)
at org.testng.internal.TestInvoker.invokeMethod(TestInvoker.java:599)
at org.testng.internal.TestInvoker.invokeTestMethod(TestInvoker.java:174)
at org.testng.internal.MethodRunner.runInSequence(MethodRunner.java:46)
at org.testng.internal.TestInvoker$MethodInvocationAgent.invoke(TestInvoker.java:822)
at org.testng.internal.TestInvoker.invokeTestMethods(TestInvoker.java:147)
at org.testng.internal.TestMethodWorker.invokeTestMethods(TestMethodWorker.java:146)
at org.testng.internal.TestMethodWorker.run(TestMethodWorker.java:128)
at java.base/java.util.ArrayList.forEach(ArrayList.java:1511)
at org.testng.TestRunner.privateRun(TestRunner.java:764)
at org.testng.TestRunner.run(TestRunner.java:585)
at org.testng.SuiteRunner.runTest(SuiteRunner.java:384)
at org.testng.SuiteRunner.runSequentially(SuiteRunner.java:378)
at org.testng.SuiteRunner.privateRun(SuiteRunner.java:337)
at org.testng.SuiteRunner.run(SuiteRunner.java:286)
at org.testng.SuiteRunnerWorker.runSuite(SuiteRunnerWorker.java:53)
at org.testng.SuiteRunnerWorker.run(SuiteRunnerWorker.java:96)
at org.testng.TestNG.runSuitesSequentially(TestNG.java:1218)
at org.testng.TestNG.runSuitesLocally(TestNG.java:1140)
at org.testng.TestNG.runSuites(TestNG.java:1069)
at org.testng.TestNG.run(TestNG.java:1037)
at org.apache.maven.surefire.testng.TestNGExecutor.run(TestNGExecutor.java:77)
at org.apache.maven.surefire.testng.TestNGDirectoryTestSuite.executeMulti(TestNGDirectoryTestSuite.java:159)
at org.apache.maven.surefire.testng.TestNGDirectoryTestSuite.execute(TestNGDirectoryTestSuite.java:99)
at org.apache.maven.surefire.testng.TestNGProvider.invoke(TestNGProvider.java:106)
at java.base/jdk.internal.reflect.NativeMethodAccessorImpl.invoke0(Native Method)
at java.base/jdk.internal.reflect.NativeMethodAccessorImpl.invoke(NativeMethodAccessorImpl.java:78)
at java.base/jdk.internal.reflect.DelegatingMethodAccessorImpl.invoke(DelegatingMethodAccessorImpl.java:43)
at java.base/java.lang.reflect.Method.invoke(Method.java:567)
at org.apache.maven.surefire.util.ReflectionUtils.invokeMethodWithArray(ReflectionUtils.java:189)
at org.apache.maven.surefire.booter.ProviderFactory$ProviderProxy.invoke(ProviderFactory.java:165)
at org.apache.maven.surefire.booter.ProviderFactory.invokeProvider(ProviderFactory.java:85)
at org.apache.maven.surefire.booter.ForkedBooter.runSuitesInProcess(ForkedBooter.java:115)
at org.apache.maven.surefire.booter.ForkedBooter.main(ForkedBooter.java:75)
]]>
            </full-stacktrace>
          </exception> <!-- java.lang.AssertionError -->
          <reporter-output>
          </reporter-output>
        </test-method> <!-- TestConnBuilderConnSuccess -->
        <test-method signature="TestConnBuilderTranslateFail()[pri:0, instance:translatorTest.TranslatorTest@448c8166]" started-at="2021-09-16T01:43:06 PET" name="TestConnBuilderTranslateFail" finished-at="2021-09-16T01:43:12 PET" duration-ms="6514" status="PASS">
          <reporter-output>
          </reporter-output>
        </test-method> <!-- TestConnBuilderTranslateFail -->
        <test-method signature="TestConnBuilderTranslateSuccess()[pri:0, instance:translatorTest.TranslatorTest@448c8166]" started-at="2021-09-16T01:43:12 PET" name="TestConnBuilderTranslateSuccess" finished-at="2021-09-16T01:43:16 PET" duration-ms="3360" status="PASS">
          <reporter-output>
          </reporter-output>
        </test-method> <!-- TestConnBuilderTranslateSuccess -->
        <test-method signature="TestConnBuilderUserAgentSuccess()[pri:0, instance:translatorTest.TranslatorTest@448c8166]" started-at="2021-09-16T01:43:16 PET" name="TestConnBuilderUserAgentSuccess" finished-at="2021-09-16T01:43:16 PET" duration-ms="2" status="PASS">
          <reporter-output>
          </reporter-output>
        </test-method> <!-- TestConnBuilderUserAgentSuccess -->
        <test-method signature="TestTranslateFailEmptyFrom()[pri:0, instance:translatorTest.TranslatorTest@448c8166]" started-at="2021-09-16T01:43:16 PET" name="TestTranslateFailEmptyFrom" finished-at="2021-09-16T01:43:16 PET" duration-ms="0" status="PASS">
          <exception class="java.io.IOException">
            <message>
              <![CDATA[no lang from given]]>
            </message>
            <full-stacktrace>
              <![CDATA[java.io.IOException: no lang from given
at translate.Translator.translate(Translator.java:25)
at translatorTest.TranslatorTest.TestTranslateFailEmptyFrom(TranslatorTest.java:57)
at java.base/jdk.internal.reflect.NativeMethodAccessorImpl.invoke0(Native Method)
at java.base/jdk.internal.reflect.NativeMethodAccessorImpl.invoke(NativeMethodAccessorImpl.java:78)
at java.base/jdk.internal.reflect.DelegatingMethodAccessorImpl.invoke(DelegatingMethodAccessorImpl.java:43)
at java.base/java.lang.reflect.Method.invoke(Method.java:567)
at org.testng.internal.MethodInvocationHelper.invokeMethod(MethodInvocationHelper.java:132)
at org.testng.internal.TestInvoker.invokeMethod(TestInvoker.java:599)
at org.testng.internal.TestInvoker.invokeTestMethod(TestInvoker.java:174)
at org.testng.internal.MethodRunner.runInSequence(MethodRunner.java:46)
at org.testng.internal.TestInvoker$MethodInvocationAgent.invoke(TestInvoker.java:822)
at org.testng.internal.TestInvoker.invokeTestMethods(TestInvoker.java:147)
at org.testng.internal.TestMethodWorker.invokeTestMethods(TestMethodWorker.java:146)
at org.testng.internal.TestMethodWorker.run(TestMethodWorker.java:128)
at java.base/java.util.ArrayList.forEach(ArrayList.java:1511)
at org.testng.TestRunner.privateRun(TestRunner.java:764)
at org.testng.TestRunner.run(TestRunner.java:585)
at org.testng.SuiteRunner.runTest(SuiteRunner.java:384)
at org.testng.SuiteRunner.runSequentially(SuiteRunner.java:378)
at org.testng.SuiteRunner.privateRun(SuiteRunner.java:337)
at org.testng.SuiteRunner.run(SuiteRunner.java:286)
at org.testng.SuiteRunnerWorker.runSuite(SuiteRunnerWorker.java:53)
at org.testng.SuiteRunnerWorker.run(SuiteRunnerWorker.java:96)
at org.testng.TestNG.runSuitesSequentially(TestNG.java:1218)
at org.testng.TestNG.runSuitesLocally(TestNG.java:1140)
at org.testng.TestNG.runSuites(TestNG.java:1069)
at org.testng.TestNG.run(TestNG.java:1037)
at org.apache.maven.surefire.testng.TestNGExecutor.run(TestNGExecutor.java:77)
at org.apache.maven.surefire.testng.TestNGDirectoryTestSuite.executeMulti(TestNGDirectoryTestSuite.java:159)
at org.apache.maven.surefire.testng.TestNGDirectoryTestSuite.execute(TestNGDirectoryTestSuite.java:99)
at org.apache.maven.surefire.testng.TestNGProvider.invoke(TestNGProvider.java:106)
at java.base/jdk.internal.reflect.NativeMethodAccessorImpl.invoke0(Native Method)
at java.base/jdk.internal.reflect.NativeMethodAccessorImpl.invoke(NativeMethodAccessorImpl.java:78)
at java.base/jdk.internal.reflect.DelegatingMethodAccessorImpl.invoke(DelegatingMethodAccessorImpl.java:43)
at java.base/java.lang.reflect.Method.invoke(Method.java:567)
at org.apache.maven.surefire.util.ReflectionUtils.invokeMethodWithArray(ReflectionUtils.java:189)
at org.apache.maven.surefire.booter.ProviderFactory$ProviderProxy.invoke(ProviderFactory.java:165)
at org.apache.maven.surefire.booter.ProviderFactory.invokeProvider(ProviderFactory.java:85)
at org.apache.maven.surefire.booter.ForkedBooter.runSuitesInProcess(ForkedBooter.java:115)
at org.apache.maven.surefire.booter.ForkedBooter.main(ForkedBooter.java:75)
]]>
            </full-stacktrace>
          </exception> <!-- java.io.IOException -->
          <reporter-output>
          </reporter-output>
        </test-method> <!-- TestTranslateFailEmptyFrom -->
        <test-method signature="TestTranslateFailEmptyText()[pri:0, instance:translatorTest.TranslatorTest@448c8166]" started-at="2021-09-16T01:43:16 PET" name="TestTranslateFailEmptyText" finished-at="2021-09-16T01:43:16 PET" duration-ms="0" status="PASS">
          <exception class="java.io.IOException">
            <message>
              <![CDATA[Length capacity exceed or text empty]]>
            </message>
            <full-stacktrace>
              <![CDATA[java.io.IOException: Length capacity exceed or text empty
at translate.Translator.translate(Translator.java:21)
at translatorTest.TranslatorTest.TestTranslateFailEmptyText(TranslatorTest.java:71)
at java.base/jdk.internal.reflect.NativeMethodAccessorImpl.invoke0(Native Method)
at java.base/jdk.internal.reflect.NativeMethodAccessorImpl.invoke(NativeMethodAccessorImpl.java:78)
at java.base/jdk.internal.reflect.DelegatingMethodAccessorImpl.invoke(DelegatingMethodAccessorImpl.java:43)
at java.base/java.lang.reflect.Method.invoke(Method.java:567)
at org.testng.internal.MethodInvocationHelper.invokeMethod(MethodInvocationHelper.java:132)
at org.testng.internal.TestInvoker.invokeMethod(TestInvoker.java:599)
at org.testng.internal.TestInvoker.invokeTestMethod(TestInvoker.java:174)
at org.testng.internal.MethodRunner.runInSequence(MethodRunner.java:46)
at org.testng.internal.TestInvoker$MethodInvocationAgent.invoke(TestInvoker.java:822)
at org.testng.internal.TestInvoker.invokeTestMethods(TestInvoker.java:147)
at org.testng.internal.TestMethodWorker.invokeTestMethods(TestMethodWorker.java:146)
at org.testng.internal.TestMethodWorker.run(TestMethodWorker.java:128)
at java.base/java.util.ArrayList.forEach(ArrayList.java:1511)
at org.testng.TestRunner.privateRun(TestRunner.java:764)
at org.testng.TestRunner.run(TestRunner.java:585)
at org.testng.SuiteRunner.runTest(SuiteRunner.java:384)
at org.testng.SuiteRunner.runSequentially(SuiteRunner.java:378)
at org.testng.SuiteRunner.privateRun(SuiteRunner.java:337)
at org.testng.SuiteRunner.run(SuiteRunner.java:286)
at org.testng.SuiteRunnerWorker.runSuite(SuiteRunnerWorker.java:53)
at org.testng.SuiteRunnerWorker.run(SuiteRunnerWorker.java:96)
at org.testng.TestNG.runSuitesSequentially(TestNG.java:1218)
at org.testng.TestNG.runSuitesLocally(TestNG.java:1140)
at org.testng.TestNG.runSuites(TestNG.java:1069)
at org.testng.TestNG.run(TestNG.java:1037)
at org.apache.maven.surefire.testng.TestNGExecutor.run(TestNGExecutor.java:77)
at org.apache.maven.surefire.testng.TestNGDirectoryTestSuite.executeMulti(TestNGDirectoryTestSuite.java:159)
at org.apache.maven.surefire.testng.TestNGDirectoryTestSuite.execute(TestNGDirectoryTestSuite.java:99)
at org.apache.maven.surefire.testng.TestNGProvider.invoke(TestNGProvider.java:106)
at java.base/jdk.internal.reflect.NativeMethodAccessorImpl.invoke0(Native Method)
at java.base/jdk.internal.reflect.NativeMethodAccessorImpl.invoke(NativeMethodAccessorImpl.java:78)
at java.base/jdk.internal.reflect.DelegatingMethodAccessorImpl.invoke(DelegatingMethodAccessorImpl.java:43)
at java.base/java.lang.reflect.Method.invoke(Method.java:567)
at org.apache.maven.surefire.util.ReflectionUtils.invokeMethodWithArray(ReflectionUtils.java:189)
at org.apache.maven.surefire.booter.ProviderFactory$ProviderProxy.invoke(ProviderFactory.java:165)
at org.apache.maven.surefire.booter.ProviderFactory.invokeProvider(ProviderFactory.java:85)
at org.apache.maven.surefire.booter.ForkedBooter.runSuitesInProcess(ForkedBooter.java:115)
at org.apache.maven.surefire.booter.ForkedBooter.main(ForkedBooter.java:75)
]]>
            </full-stacktrace>
          </exception> <!-- java.io.IOException -->
          <reporter-output>
          </reporter-output>
        </test-method> <!-- TestTranslateFailEmptyText -->
        <test-method signature="TestTranslateFailEmptyTo()[pri:0, instance:translatorTest.TranslatorTest@448c8166]" started-at="2021-09-16T01:43:16 PET" name="TestTranslateFailEmptyTo" finished-at="2021-09-16T01:43:16 PET" duration-ms="1" status="PASS">
          <exception class="java.io.IOException">
            <message>
              <![CDATA[no lang to given]]>
            </message>
            <full-stacktrace>
              <![CDATA[java.io.IOException: no lang to given
at translate.Translator.translate(Translator.java:29)
at translatorTest.TranslatorTest.TestTranslateFailEmptyTo(TranslatorTest.java:64)
at java.base/jdk.internal.reflect.NativeMethodAccessorImpl.invoke0(Native Method)
at java.base/jdk.internal.reflect.NativeMethodAccessorImpl.invoke(NativeMethodAccessorImpl.java:78)
at java.base/jdk.internal.reflect.DelegatingMethodAccessorImpl.invoke(DelegatingMethodAccessorImpl.java:43)
at java.base/java.lang.reflect.Method.invoke(Method.java:567)
at org.testng.internal.MethodInvocationHelper.invokeMethod(MethodInvocationHelper.java:132)
at org.testng.internal.TestInvoker.invokeMethod(TestInvoker.java:599)
at org.testng.internal.TestInvoker.invokeTestMethod(TestInvoker.java:174)
at org.testng.internal.MethodRunner.runInSequence(MethodRunner.java:46)
at org.testng.internal.TestInvoker$MethodInvocationAgent.invoke(TestInvoker.java:822)
at org.testng.internal.TestInvoker.invokeTestMethods(TestInvoker.java:147)
at org.testng.internal.TestMethodWorker.invokeTestMethods(TestMethodWorker.java:146)
at org.testng.internal.TestMethodWorker.run(TestMethodWorker.java:128)
at java.base/java.util.ArrayList.forEach(ArrayList.java:1511)
at org.testng.TestRunner.privateRun(TestRunner.java:764)
at org.testng.TestRunner.run(TestRunner.java:585)
at org.testng.SuiteRunner.runTest(SuiteRunner.java:384)
at org.testng.SuiteRunner.runSequentially(SuiteRunner.java:378)
at org.testng.SuiteRunner.privateRun(SuiteRunner.java:337)
at org.testng.SuiteRunner.run(SuiteRunner.java:286)
at org.testng.SuiteRunnerWorker.runSuite(SuiteRunnerWorker.java:53)
at org.testng.SuiteRunnerWorker.run(SuiteRunnerWorker.java:96)
at org.testng.TestNG.runSuitesSequentially(TestNG.java:1218)
at org.testng.TestNG.runSuitesLocally(TestNG.java:1140)
at org.testng.TestNG.runSuites(TestNG.java:1069)
at org.testng.TestNG.run(TestNG.java:1037)
at org.apache.maven.surefire.testng.TestNGExecutor.run(TestNGExecutor.java:77)
at org.apache.maven.surefire.testng.TestNGDirectoryTestSuite.executeMulti(TestNGDirectoryTestSuite.java:159)
at org.apache.maven.surefire.testng.TestNGDirectoryTestSuite.execute(TestNGDirectoryTestSuite.java:99)
at org.apache.maven.surefire.testng.TestNGProvider.invoke(TestNGProvider.java:106)
at java.base/jdk.internal.reflect.NativeMethodAccessorImpl.invoke0(Native Method)
at java.base/jdk.internal.reflect.NativeMethodAccessorImpl.invoke(NativeMethodAccessorImpl.java:78)
at java.base/jdk.internal.reflect.DelegatingMethodAccessorImpl.invoke(DelegatingMethodAccessorImpl.java:43)
at java.base/java.lang.reflect.Method.invoke(Method.java:567)
at org.apache.maven.surefire.util.ReflectionUtils.invokeMethodWithArray(ReflectionUtils.java:189)
at org.apache.maven.surefire.booter.ProviderFactory$ProviderProxy.invoke(ProviderFactory.java:165)
at org.apache.maven.surefire.booter.ProviderFactory.invokeProvider(ProviderFactory.java:85)
at org.apache.maven.surefire.booter.ForkedBooter.runSuitesInProcess(ForkedBooter.java:115)
at org.apache.maven.surefire.booter.ForkedBooter.main(ForkedBooter.java:75)
]]>
            </full-stacktrace>
          </exception> <!-- java.io.IOException -->
          <reporter-output>
          </reporter-output>
        </test-method> <!-- TestTranslateFailEmptyTo -->
        <test-method signature="TestTranslateFailFullText()[pri:0, instance:translatorTest.TranslatorTest@448c8166]" started-at="2021-09-16T01:43:16 PET" name="TestTranslateFailFullText" finished-at="2021-09-16T01:43:16 PET" duration-ms="0" status="PASS">
          <exception class="java.io.IOException">
            <message>
              <![CDATA[Length capacity exceed or text empty]]>
            </message>
            <full-stacktrace>
              <![CDATA[java.io.IOException: Length capacity exceed or text empty
at translate.Translator.translate(Translator.java:21)
at translatorTest.TranslatorTest.TestTranslateFailFullText(TranslatorTest.java:82)
at java.base/jdk.internal.reflect.NativeMethodAccessorImpl.invoke0(Native Method)
at java.base/jdk.internal.reflect.NativeMethodAccessorImpl.invoke(NativeMethodAccessorImpl.java:78)
at java.base/jdk.internal.reflect.DelegatingMethodAccessorImpl.invoke(DelegatingMethodAccessorImpl.java:43)
at java.base/java.lang.reflect.Method.invoke(Method.java:567)
at org.testng.internal.MethodInvocationHelper.invokeMethod(MethodInvocationHelper.java:132)
at org.testng.internal.TestInvoker.invokeMethod(TestInvoker.java:599)
at org.testng.internal.TestInvoker.invokeTestMethod(TestInvoker.java:174)
at org.testng.internal.MethodRunner.runInSequence(MethodRunner.java:46)
at org.testng.internal.TestInvoker$MethodInvocationAgent.invoke(TestInvoker.java:822)
at org.testng.internal.TestInvoker.invokeTestMethods(TestInvoker.java:147)
at org.testng.internal.TestMethodWorker.invokeTestMethods(TestMethodWorker.java:146)
at org.testng.internal.TestMethodWorker.run(TestMethodWorker.java:128)
at java.base/java.util.ArrayList.forEach(ArrayList.java:1511)
at org.testng.TestRunner.privateRun(TestRunner.java:764)
at org.testng.TestRunner.run(TestRunner.java:585)
at org.testng.SuiteRunner.runTest(SuiteRunner.java:384)
at org.testng.SuiteRunner.runSequentially(SuiteRunner.java:378)
at org.testng.SuiteRunner.privateRun(SuiteRunner.java:337)
at org.testng.SuiteRunner.run(SuiteRunner.java:286)
at org.testng.SuiteRunnerWorker.runSuite(SuiteRunnerWorker.java:53)
at org.testng.SuiteRunnerWorker.run(SuiteRunnerWorker.java:96)
at org.testng.TestNG.runSuitesSequentially(TestNG.java:1218)
at org.testng.TestNG.runSuitesLocally(TestNG.java:1140)
at org.testng.TestNG.runSuites(TestNG.java:1069)
at org.testng.TestNG.run(TestNG.java:1037)
at org.apache.maven.surefire.testng.TestNGExecutor.run(TestNGExecutor.java:77)
at org.apache.maven.surefire.testng.TestNGDirectoryTestSuite.executeMulti(TestNGDirectoryTestSuite.java:159)
at org.apache.maven.surefire.testng.TestNGDirectoryTestSuite.execute(TestNGDirectoryTestSuite.java:99)
at org.apache.maven.surefire.testng.TestNGProvider.invoke(TestNGProvider.java:106)
at java.base/jdk.internal.reflect.NativeMethodAccessorImpl.invoke0(Native Method)
at java.base/jdk.internal.reflect.NativeMethodAccessorImpl.invoke(NativeMethodAccessorImpl.java:78)
at java.base/jdk.internal.reflect.DelegatingMethodAccessorImpl.invoke(DelegatingMethodAccessorImpl.java:43)
at java.base/java.lang.reflect.Method.invoke(Method.java:567)
at org.apache.maven.surefire.util.ReflectionUtils.invokeMethodWithArray(ReflectionUtils.java:189)
at org.apache.maven.surefire.booter.ProviderFactory$ProviderProxy.invoke(ProviderFactory.java:165)
at org.apache.maven.surefire.booter.ProviderFactory.invokeProvider(ProviderFactory.java:85)
at org.apache.maven.surefire.booter.ForkedBooter.runSuitesInProcess(ForkedBooter.java:115)
at org.apache.maven.surefire.booter.ForkedBooter.main(ForkedBooter.java:75)
]]>
            </full-stacktrace>
          </exception> <!-- java.io.IOException -->
          <reporter-output>
          </reporter-output>
        </test-method> <!-- TestTranslateFailFullText -->
        <test-method signature="TestUrlBuilderFail()[pri:0, instance:translatorTest.TranslatorTest@448c8166]" started-at="2021-09-16T01:43:16 PET" name="TestUrlBuilderFail" finished-at="2021-09-16T01:43:16 PET" duration-ms="3" status="PASS">
          <reporter-output>
          </reporter-output>
        </test-method> <!-- TestUrlBuilderFail -->
        <test-method signature="TestUrlBuilderSuccess()[pri:0, instance:translatorTest.TranslatorTest@448c8166]" started-at="2021-09-16T01:43:16 PET" name="TestUrlBuilderSuccess" finished-at="2021-09-16T01:43:16 PET" duration-ms="1" status="FAIL">
          <exception class="java.lang.AssertionError">
            <message>
              <![CDATA[expected [https://script.google.com/macros/s/AKfycbz9NhqBIiBztjNDKRcyI0zo3Wq12b7e-eXSDzx0wNsQf2WW-IDmJIfp6_jJJd8Sp_oO/exec?q=xd&target=some&source=some] but found [https://script.google.com/macros/s/AKfycbxJSBqm1GK9L2Rmw9Ru3UTJpY3cnky-1-gul_Po9aL0LhWrhkK0kLlnSGvRkqsfxnp5/exec?q=xd&target=some&source=some]]]>
            </message>
            <full-stacktrace>
              <![CDATA[java.lang.AssertionError: expected [https://script.google.com/macros/s/AKfycbz9NhqBIiBztjNDKRcyI0zo3Wq12b7e-eXSDzx0wNsQf2WW-IDmJIfp6_jJJd8Sp_oO/exec?q=xd&target=some&source=some] but found [https://script.google.com/macros/s/AKfycbxJSBqm1GK9L2Rmw9Ru3UTJpY3cnky-1-gul_Po9aL0LhWrhkK0kLlnSGvRkqsfxnp5/exec?q=xd&target=some&source=some]
at org.testng.Assert.fail(Assert.java:99)
at org.testng.Assert.failNotEquals(Assert.java:1037)
at org.testng.Assert.assertEqualsImpl(Assert.java:140)
at org.testng.Assert.assertEquals(Assert.java:122)
at org.testng.Assert.assertEquals(Assert.java:629)
at org.testng.Assert.assertEquals(Assert.java:639)
at translatorTest.TranslatorTest.TestUrlBuilderSuccess(TranslatorTest.java:18)
at java.base/jdk.internal.reflect.NativeMethodAccessorImpl.invoke0(Native Method)
at java.base/jdk.internal.reflect.NativeMethodAccessorImpl.invoke(NativeMethodAccessorImpl.java:78)
at java.base/jdk.internal.reflect.DelegatingMethodAccessorImpl.invoke(DelegatingMethodAccessorImpl.java:43)
at java.base/java.lang.reflect.Method.invoke(Method.java:567)
at org.testng.internal.MethodInvocationHelper.invokeMethod(MethodInvocationHelper.java:132)
at org.testng.internal.TestInvoker.invokeMethod(TestInvoker.java:599)
at org.testng.internal.TestInvoker.invokeTestMethod(TestInvoker.java:174)
at org.testng.internal.MethodRunner.runInSequence(MethodRunner.java:46)
at org.testng.internal.TestInvoker$MethodInvocationAgent.invoke(TestInvoker.java:822)
at org.testng.internal.TestInvoker.invokeTestMethods(TestInvoker.java:147)
at org.testng.internal.TestMethodWorker.invokeTestMethods(TestMethodWorker.java:146)
at org.testng.internal.TestMethodWorker.run(TestMethodWorker.java:128)
at java.base/java.util.ArrayList.forEach(ArrayList.java:1511)
at org.testng.TestRunner.privateRun(TestRunner.java:764)
at org.testng.TestRunner.run(TestRunner.java:585)
at org.testng.SuiteRunner.runTest(SuiteRunner.java:384)
at org.testng.SuiteRunner.runSequentially(SuiteRunner.java:378)
at org.testng.SuiteRunner.privateRun(SuiteRunner.java:337)
at org.testng.SuiteRunner.run(SuiteRunner.java:286)
at org.testng.SuiteRunnerWorker.runSuite(SuiteRunnerWorker.java:53)
at org.testng.SuiteRunnerWorker.run(SuiteRunnerWorker.java:96)
at org.testng.TestNG.runSuitesSequentially(TestNG.java:1218)
at org.testng.TestNG.runSuitesLocally(TestNG.java:1140)
at org.testng.TestNG.runSuites(TestNG.java:1069)
at org.testng.TestNG.run(TestNG.java:1037)
at org.apache.maven.surefire.testng.TestNGExecutor.run(TestNGExecutor.java:77)
at org.apache.maven.surefire.testng.TestNGDirectoryTestSuite.executeMulti(TestNGDirectoryTestSuite.java:159)
at org.apache.maven.surefire.testng.TestNGDirectoryTestSuite.execute(TestNGDirectoryTestSuite.java:99)
at org.apache.maven.surefire.testng.TestNGProvider.invoke(TestNGProvider.java:106)
at java.base/jdk.internal.reflect.NativeMethodAccessorImpl.invoke0(Native Method)
at java.base/jdk.internal.reflect.NativeMethodAccessorImpl.invoke(NativeMethodAccessorImpl.java:78)
at java.base/jdk.internal.reflect.DelegatingMethodAccessorImpl.invoke(DelegatingMethodAccessorImpl.java:43)
at java.base/java.lang.reflect.Method.invoke(Method.java:567)
at org.apache.maven.surefire.util.ReflectionUtils.invokeMethodWithArray(ReflectionUtils.java:189)
at org.apache.maven.surefire.booter.ProviderFactory$ProviderProxy.invoke(ProviderFactory.java:165)
at org.apache.maven.surefire.booter.ProviderFactory.invokeProvider(ProviderFactory.java:85)
at org.apache.maven.surefire.booter.ForkedBooter.runSuitesInProcess(ForkedBooter.java:115)
at org.apache.maven.surefire.booter.ForkedBooter.main(ForkedBooter.java:75)
]]>
            </full-stacktrace>
          </exception> <!-- java.lang.AssertionError -->
          <reporter-output>
          </reporter-output>
        </test-method> <!-- TestUrlBuilderSuccess -->
      </class> <!-- translatorTest.TranslatorTest -->
      <class name="main.MainTest">
        <test-method signature="testFromLanguage()[pri:0, instance:main.MainTest@15d49048]" started-at="2021-09-16T01:43:21 PET" name="testFromLanguage" finished-at="2021-09-16T01:43:21 PET" duration-ms="2" status="PASS">
          <reporter-output>
          </reporter-output>
        </test-method> <!-- testFromLanguage -->
        <test-method signature="testTranslate()[pri:0, instance:main.MainTest@15d49048]" started-at="2021-09-16T01:43:21 PET" name="testTranslate" finished-at="2021-09-16T01:43:26 PET" duration-ms="4978" status="PASS">
          <reporter-output>
          </reporter-output>
        </test-method> <!-- testTranslate -->
        <test-method signature="testToLanguage()[pri:0, instance:main.MainTest@15d49048]" started-at="2021-09-16T01:43:21 PET" name="testToLanguage" finished-at="2021-09-16T01:43:21 PET" duration-ms="0" status="PASS">
          <reporter-output>
          </reporter-output>
        </test-method> <!-- testToLanguage -->
      </class> <!-- main.MainTest -->
      <class name="translatorTest.TranslatorParallelTest">
        <test-method signature="TestTranslation()[pri:0, instance:translatorTest.TranslatorParallelTest@4470fbd6]" started-at="2021-09-16T01:43:16 PET" name="TestTranslation" finished-at="2021-09-16T01:43:20 PET" duration-ms="4292" status="PASS">
          <reporter-output>
          </reporter-output>
        </test-method> <!-- TestTranslation -->
        <test-method signature="TestTranslation()[pri:0, instance:translatorTest.TranslatorParallelTest@4470fbd6]" started-at="2021-09-16T01:43:16 PET" name="TestTranslation" finished-at="2021-09-16T01:43:20 PET" duration-ms="4447" status="PASS">
          <reporter-output>
          </reporter-output>
        </test-method> <!-- TestTranslation -->
        <test-method signature="TestTranslation()[pri:0, instance:translatorTest.TranslatorParallelTest@4470fbd6]" started-at="2021-09-16T01:43:16 PET" name="TestTranslation" finished-at="2021-09-16T01:43:20 PET" duration-ms="4511" status="PASS">
          <reporter-output>
          </reporter-output>
        </test-method> <!-- TestTranslation -->
        <test-method signature="TestTranslation()[pri:0, instance:translatorTest.TranslatorParallelTest@4470fbd6]" started-at="2021-09-16T01:43:16 PET" name="TestTranslation" finished-at="2021-09-16T01:43:20 PET" duration-ms="4354" status="PASS">
          <reporter-output>
          </reporter-output>
        </test-method> <!-- TestTranslation -->
        <test-method signature="TestTranslation()[pri:0, instance:translatorTest.TranslatorParallelTest@4470fbd6]" started-at="2021-09-16T01:43:16 PET" name="TestTranslation" finished-at="2021-09-16T01:43:20 PET" duration-ms="4425" status="PASS">
          <reporter-output>
          </reporter-output>
        </test-method> <!-- TestTranslation -->
        <test-method signature="TestTranslation()[pri:0, instance:translatorTest.TranslatorParallelTest@4470fbd6]" started-at="2021-09-16T01:43:16 PET" name="TestTranslation" finished-at="2021-09-16T01:43:20 PET" duration-ms="4276" status="PASS">
          <reporter-output>
          </reporter-output>
        </test-method> <!-- TestTranslation -->
        <test-method signature="TestTranslation()[pri:0, instance:translatorTest.TranslatorParallelTest@4470fbd6]" started-at="2021-09-16T01:43:16 PET" name="TestTranslation" finished-at="2021-09-16T01:43:19 PET" duration-ms="3609" status="PASS">
          <reporter-output>
          </reporter-output>
        </test-method> <!-- TestTranslation -->
        <test-method signature="TestTranslation()[pri:0, instance:translatorTest.TranslatorParallelTest@4470fbd6]" started-at="2021-09-16T01:43:16 PET" name="TestTranslation" finished-at="2021-09-16T01:43:20 PET" duration-ms="3688" status="PASS">
          <reporter-output>
          </reporter-output>
        </test-method> <!-- TestTranslation -->
        <test-method signature="TestTranslation()[pri:0, instance:translatorTest.TranslatorParallelTest@4470fbd6]" started-at="2021-09-16T01:43:16 PET" name="TestTranslation" finished-at="2021-09-16T01:43:20 PET" duration-ms="4004" status="PASS">
          <reporter-output>
          </reporter-output>
        </test-method> <!-- TestTranslation -->
        <test-method signature="TestTranslation()[pri:0, instance:translatorTest.TranslatorParallelTest@4470fbd6]" started-at="2021-09-16T01:43:16 PET" name="TestTranslation" finished-at="2021-09-16T01:43:20 PET" duration-ms="4464" status="PASS">
          <reporter-output>
          </reporter-output>
        </test-method> <!-- TestTranslation -->
        <test-method signature="TestTranslation()[pri:0, instance:translatorTest.TranslatorParallelTest@4470fbd6]" started-at="2021-09-16T01:43:16 PET" name="TestTranslation" finished-at="2021-09-16T01:43:20 PET" duration-ms="4461" status="PASS">
          <reporter-output>
          </reporter-output>
        </test-method> <!-- TestTranslation -->
        <test-method signature="TestTranslation()[pri:0, instance:translatorTest.TranslatorParallelTest@4470fbd6]" started-at="2021-09-16T01:43:16 PET" name="TestTranslation" finished-at="2021-09-16T01:43:21 PET" duration-ms="5317" status="PASS">
          <reporter-output>
          </reporter-output>
        </test-method> <!-- TestTranslation -->
        <test-method signature="TestTranslation()[pri:0, instance:translatorTest.TranslatorParallelTest@4470fbd6]" started-at="2021-09-16T01:43:16 PET" name="TestTranslation" finished-at="2021-09-16T01:43:21 PET" duration-ms="5379" status="PASS">
          <reporter-output>
          </reporter-output>
        </test-method> <!-- TestTranslation -->
        <test-method signature="TestTranslation()[pri:0, instance:translatorTest.TranslatorParallelTest@4470fbd6]" started-at="2021-09-16T01:43:16 PET" name="TestTranslation" finished-at="2021-09-16T01:43:20 PET" duration-ms="4408" status="PASS">
          <reporter-output>
          </reporter-output>
        </test-method> <!-- TestTranslation -->
        <test-method signature="TestTranslation()[pri:0, instance:translatorTest.TranslatorParallelTest@4470fbd6]" started-at="2021-09-16T01:43:16 PET" name="TestTranslation" finished-at="2021-09-16T01:43:20 PET" duration-ms="3704" status="PASS">
          <reporter-output>
          </reporter-output>
        </test-method> <!-- TestTranslation -->
        <test-method signature="TestTranslation()[pri:0, instance:translatorTest.TranslatorParallelTest@4470fbd6]" started-at="2021-09-16T01:43:16 PET" name="TestTranslation" finished-at="2021-09-16T01:43:20 PET" duration-ms="4210" status="PASS">
          <reporter-output>
          </reporter-output>
        </test-method> <!-- TestTranslation -->
        <test-method signature="TestTranslation()[pri:0, instance:translatorTest.TranslatorParallelTest@4470fbd6]" started-at="2021-09-16T01:43:16 PET" name="TestTranslation" finished-at="2021-09-16T01:43:19 PET" duration-ms="3623" status="PASS">
          <reporter-output>
          </reporter-output>
        </test-method> <!-- TestTranslation -->
        <test-method signature="TestTranslation()[pri:0, instance:translatorTest.TranslatorParallelTest@4470fbd6]" started-at="2021-09-16T01:43:16 PET" name="TestTranslation" finished-at="2021-09-16T01:43:21 PET" duration-ms="5274" status="PASS">
          <reporter-output>
          </reporter-output>
        </test-method> <!-- TestTranslation -->
        <test-method signature="TestTranslation()[pri:0, instance:translatorTest.TranslatorParallelTest@4470fbd6]" started-at="2021-09-16T01:43:16 PET" name="TestTranslation" finished-at="2021-09-16T01:43:20 PET" duration-ms="4380" status="PASS">
          <reporter-output>
          </reporter-output>
        </test-method> <!-- TestTranslation -->
        <test-method signature="TestTranslation()[pri:0, instance:translatorTest.TranslatorParallelTest@4470fbd6]" started-at="2021-09-16T01:43:16 PET" name="TestTranslation" finished-at="2021-09-16T01:43:20 PET" duration-ms="3685" status="PASS">
          <reporter-output>
          </reporter-output>
        </test-method> <!-- TestTranslation -->
        <test-method signature="TestTranslation()[pri:0, instance:translatorTest.TranslatorParallelTest@4470fbd6]" started-at="2021-09-16T01:43:16 PET" name="TestTranslation" finished-at="2021-09-16T01:43:20 PET" duration-ms="4491" status="PASS">
          <reporter-output>
          </reporter-output>
        </test-method> <!-- TestTranslation -->
        <test-method signature="TestTranslation()[pri:0, instance:translatorTest.TranslatorParallelTest@4470fbd6]" started-at="2021-09-16T01:43:16 PET" name="TestTranslation" finished-at="2021-09-16T01:43:19 PET" duration-ms="3650" status="PASS">
          <reporter-output>
          </reporter-output>
        </test-method> <!-- TestTranslation -->
        <test-method signature="TestTranslation()[pri:0, instance:translatorTest.TranslatorParallelTest@4470fbd6]" started-at="2021-09-16T01:43:16 PET" name="TestTranslation" finished-at="2021-09-16T01:43:20 PET" duration-ms="4460" status="PASS">
          <reporter-output>
          </reporter-output>
        </test-method> <!-- TestTranslation -->
        <test-method signature="TestTranslation()[pri:0, instance:translatorTest.TranslatorParallelTest@4470fbd6]" started-at="2021-09-16T01:43:16 PET" name="TestTranslation" finished-at="2021-09-16T01:43:20 PET" duration-ms="4477" status="PASS">
          <reporter-output>
          </reporter-output>
        </test-method> <!-- TestTranslation -->
        <test-method signature="TestTranslation()[pri:0, instance:translatorTest.TranslatorParallelTest@4470fbd6]" started-at="2021-09-16T01:43:16 PET" name="TestTranslation" finished-at="2021-09-16T01:43:20 PET" duration-ms="4465" status="PASS">
          <reporter-output>
          </reporter-output>
        </test-method> <!-- TestTranslation -->
        <test-method signature="TestTranslation()[pri:0, instance:translatorTest.TranslatorParallelTest@4470fbd6]" started-at="2021-09-16T01:43:16 PET" name="TestTranslation" finished-at="2021-09-16T01:43:20 PET" duration-ms="4213" status="PASS">
          <reporter-output>
          </reporter-output>
        </test-method> <!-- TestTranslation -->
        <test-method signature="TestTranslation()[pri:0, instance:translatorTest.TranslatorParallelTest@4470fbd6]" started-at="2021-09-16T01:43:16 PET" name="TestTranslation" finished-at="2021-09-16T01:43:20 PET" duration-ms="4485" status="PASS">
          <reporter-output>
          </reporter-output>
        </test-method> <!-- TestTranslation -->
        <test-method signature="TestTranslation()[pri:0, instance:translatorTest.TranslatorParallelTest@4470fbd6]" started-at="2021-09-16T01:43:16 PET" name="TestTranslation" finished-at="2021-09-16T01:43:20 PET" duration-ms="4187" status="PASS">
          <reporter-output>
          </reporter-output>
        </test-method> <!-- TestTranslation -->
        <test-method signature="TestTranslation()[pri:0, instance:translatorTest.TranslatorParallelTest@4470fbd6]" started-at="2021-09-16T01:43:16 PET" name="TestTranslation" finished-at="2021-09-16T01:43:20 PET" duration-ms="4240" status="PASS">
          <reporter-output>
          </reporter-output>
        </test-method> <!-- TestTranslation -->
        <test-method signature="TestTranslation()[pri:0, instance:translatorTest.TranslatorParallelTest@4470fbd6]" started-at="2021-09-16T01:43:16 PET" name="TestTranslation" finished-at="2021-09-16T01:43:20 PET" duration-ms="4010" status="PASS">
          <reporter-output>
          </reporter-output>
        </test-method> <!-- TestTranslation -->
        <test-method signature="TestTranslation()[pri:0, instance:translatorTest.TranslatorParallelTest@4470fbd6]" started-at="2021-09-16T01:43:16 PET" name="TestTranslation" finished-at="2021-09-16T01:43:20 PET" duration-ms="4520" status="PASS">
          <reporter-output>
          </reporter-output>
        </test-method> <!-- TestTranslation -->
        <test-method signature="TestTranslation()[pri:0, instance:translatorTest.TranslatorParallelTest@4470fbd6]" started-at="2021-09-16T01:43:16 PET" name="TestTranslation" finished-at="2021-09-16T01:43:20 PET" duration-ms="4463" status="PASS">
          <reporter-output>
          </reporter-output>
        </test-method> <!-- TestTranslation -->
        <test-method signature="TestTranslation()[pri:0, instance:translatorTest.TranslatorParallelTest@4470fbd6]" started-at="2021-09-16T01:43:16 PET" name="TestTranslation" finished-at="2021-09-16T01:43:20 PET" duration-ms="4457" status="PASS">
          <reporter-output>
          </reporter-output>
        </test-method> <!-- TestTranslation -->
        <test-method signature="TestTranslation()[pri:0, instance:translatorTest.TranslatorParallelTest@4470fbd6]" started-at="2021-09-16T01:43:16 PET" name="TestTranslation" finished-at="2021-09-16T01:43:19 PET" duration-ms="3166" status="PASS">
          <reporter-output>
          </reporter-output>
        </test-method> <!-- TestTranslation -->
        <test-method signature="TestTranslation()[pri:0, instance:translatorTest.TranslatorParallelTest@4470fbd6]" started-at="2021-09-16T01:43:16 PET" name="TestTranslation" finished-at="2021-09-16T01:43:20 PET" duration-ms="4127" status="PASS">
          <reporter-output>
          </reporter-output>
        </test-method> <!-- TestTranslation -->
        <test-method signature="TestTranslation()[pri:0, instance:translatorTest.TranslatorParallelTest@4470fbd6]" started-at="2021-09-16T01:43:16 PET" name="TestTranslation" finished-at="2021-09-16T01:43:20 PET" duration-ms="4464" status="PASS">
          <reporter-output>
          </reporter-output>
        </test-method> <!-- TestTranslation -->
        <test-method signature="TestTranslation()[pri:0, instance:translatorTest.TranslatorParallelTest@4470fbd6]" started-at="2021-09-16T01:43:16 PET" name="TestTranslation" finished-at="2021-09-16T01:43:21 PET" duration-ms="5306" status="PASS">
          <reporter-output>
          </reporter-output>
        </test-method> <!-- TestTranslation -->
        <test-method signature="TestTranslation()[pri:0, instance:translatorTest.TranslatorParallelTest@4470fbd6]" started-at="2021-09-16T01:43:16 PET" name="TestTranslation" finished-at="2021-09-16T01:43:20 PET" duration-ms="4475" status="PASS">
          <reporter-output>
          </reporter-output>
        </test-method> <!-- TestTranslation -->
        <test-method signature="TestTranslation()[pri:0, instance:translatorTest.TranslatorParallelTest@4470fbd6]" started-at="2021-09-16T01:43:16 PET" name="TestTranslation" finished-at="2021-09-16T01:43:20 PET" duration-ms="4004" status="PASS">
          <reporter-output>
          </reporter-output>
        </test-method> <!-- TestTranslation -->
        <test-method signature="TestTranslation()[pri:0, instance:translatorTest.TranslatorParallelTest@4470fbd6]" started-at="2021-09-16T01:43:16 PET" name="TestTranslation" finished-at="2021-09-16T01:43:20 PET" duration-ms="4245" status="PASS">
          <reporter-output>
          </reporter-output>
        </test-method> <!-- TestTranslation -->
        <test-method signature="TestTranslation()[pri:0, instance:translatorTest.TranslatorParallelTest@4470fbd6]" started-at="2021-09-16T01:43:16 PET" name="TestTranslation" finished-at="2021-09-16T01:43:20 PET" duration-ms="3675" status="PASS">
          <reporter-output>
          </reporter-output>
        </test-method> <!-- TestTranslation -->
        <test-method signature="TestTranslation()[pri:0, instance:translatorTest.TranslatorParallelTest@4470fbd6]" started-at="2021-09-16T01:43:16 PET" name="TestTranslation" finished-at="2021-09-16T01:43:20 PET" duration-ms="4479" status="PASS">
          <reporter-output>
          </reporter-output>
        </test-method> <!-- TestTranslation -->
        <test-method signature="TestTranslation()[pri:0, instance:translatorTest.TranslatorParallelTest@4470fbd6]" started-at="2021-09-16T01:43:16 PET" name="TestTranslation" finished-at="2021-09-16T01:43:20 PET" duration-ms="4305" status="PASS">
          <reporter-output>
          </reporter-output>
        </test-method> <!-- TestTranslation -->
        <test-method signature="TestTranslation()[pri:0, instance:translatorTest.TranslatorParallelTest@4470fbd6]" started-at="2021-09-16T01:43:16 PET" name="TestTranslation" finished-at="2021-09-16T01:43:21 PET" duration-ms="5290" status="PASS">
          <reporter-output>
          </reporter-output>
        </test-method> <!-- TestTranslation -->
        <test-method signature="TestTranslation()[pri:0, instance:translatorTest.TranslatorParallelTest@4470fbd6]" started-at="2021-09-16T01:43:16 PET" name="TestTranslation" finished-at="2021-09-16T01:43:21 PET" duration-ms="5343" status="PASS">
          <reporter-output>
          </reporter-output>
        </test-method> <!-- TestTranslation -->
        <test-method signature="TestTranslation()[pri:0, instance:translatorTest.TranslatorParallelTest@4470fbd6]" started-at="2021-09-16T01:43:16 PET" name="TestTranslation" finished-at="2021-09-16T01:43:20 PET" duration-ms="3660" status="PASS">
          <reporter-output>
          </reporter-output>
        </test-method> <!-- TestTranslation -->
        <test-method signature="TestTranslation()[pri:0, instance:translatorTest.TranslatorParallelTest@4470fbd6]" started-at="2021-09-16T01:43:16 PET" name="TestTranslation" finished-at="2021-09-16T01:43:20 PET" duration-ms="4420" status="PASS">
          <reporter-output>
          </reporter-output>
        </test-method> <!-- TestTranslation -->
        <test-method signature="TestTranslation()[pri:0, instance:translatorTest.TranslatorParallelTest@4470fbd6]" started-at="2021-09-16T01:43:16 PET" name="TestTranslation" finished-at="2021-09-16T01:43:20 PET" duration-ms="4153" status="PASS">
          <reporter-output>
          </reporter-output>
        </test-method> <!-- TestTranslation -->
        <test-method signature="TestTranslation()[pri:0, instance:translatorTest.TranslatorParallelTest@4470fbd6]" started-at="2021-09-16T01:43:16 PET" name="TestTranslation" finished-at="2021-09-16T01:43:20 PET" duration-ms="4427" status="PASS">
          <reporter-output>
          </reporter-output>
        </test-method> <!-- TestTranslation -->
        <test-method signature="TestTranslation()[pri:0, instance:translatorTest.TranslatorParallelTest@4470fbd6]" started-at="2021-09-16T01:43:16 PET" name="TestTranslation" finished-at="2021-09-16T01:43:19 PET" duration-ms="3551" status="PASS">
          <reporter-output>
          </reporter-output>
        </test-method> <!-- TestTranslation -->
        <test-method signature="TestTranslation()[pri:0, instance:translatorTest.TranslatorParallelTest@4470fbd6]" started-at="2021-09-16T01:43:16 PET" name="TestTranslation" finished-at="2021-09-16T01:43:20 PET" duration-ms="4216" status="PASS">
          <reporter-output>
          </reporter-output>
        </test-method> <!-- TestTranslation -->
        <test-method signature="TestTranslation()[pri:0, instance:translatorTest.TranslatorParallelTest@4470fbd6]" started-at="2021-09-16T01:43:16 PET" name="TestTranslation" finished-at="2021-09-16T01:43:20 PET" duration-ms="4413" status="PASS">
          <reporter-output>
          </reporter-output>
        </test-method> <!-- TestTranslation -->
        <test-method signature="TestTranslation()[pri:0, instance:translatorTest.TranslatorParallelTest@4470fbd6]" started-at="2021-09-16T01:43:16 PET" name="TestTranslation" finished-at="2021-09-16T01:43:20 PET" duration-ms="4115" status="PASS">
          <reporter-output>
          </reporter-output>
        </test-method> <!-- TestTranslation -->
        <test-method signature="TestTranslation()[pri:0, instance:translatorTest.TranslatorParallelTest@4470fbd6]" started-at="2021-09-16T01:43:16 PET" name="TestTranslation" finished-at="2021-09-16T01:43:20 PET" duration-ms="4389" status="PASS">
          <reporter-output>
          </reporter-output>
        </test-method> <!-- TestTranslation -->
        <test-method signature="TestTranslation()[pri:0, instance:translatorTest.TranslatorParallelTest@4470fbd6]" started-at="2021-09-16T01:43:16 PET" name="TestTranslation" finished-at="2021-09-16T01:43:20 PET" duration-ms="4295" status="PASS">
          <reporter-output>
          </reporter-output>
        </test-method> <!-- TestTranslation -->
        <test-method signature="TestTranslation()[pri:0, instance:translatorTest.TranslatorParallelTest@4470fbd6]" started-at="2021-09-16T01:43:16 PET" name="TestTranslation" finished-at="2021-09-16T01:43:20 PET" duration-ms="4164" status="PASS">
          <reporter-output>
          </reporter-output>
        </test-method> <!-- TestTranslation -->
        <test-method signature="TestTranslation()[pri:0, instance:translatorTest.TranslatorParallelTest@4470fbd6]" started-at="2021-09-16T01:43:16 PET" name="TestTranslation" finished-at="2021-09-16T01:43:20 PET" duration-ms="3903" status="PASS">
          <reporter-output>
          </reporter-output>
        </test-method> <!-- TestTranslation -->
        <test-method signature="TestTranslation()[pri:0, instance:translatorTest.TranslatorParallelTest@4470fbd6]" started-at="2021-09-16T01:43:16 PET" name="TestTranslation" finished-at="2021-09-16T01:43:20 PET" duration-ms="4408" status="PASS">
          <reporter-output>
          </reporter-output>
        </test-method> <!-- TestTranslation -->
        <test-method signature="TestTranslation()[pri:0, instance:translatorTest.TranslatorParallelTest@4470fbd6]" started-at="2021-09-16T01:43:16 PET" name="TestTranslation" finished-at="2021-09-16T01:43:20 PET" duration-ms="4293" status="PASS">
          <reporter-output>
          </reporter-output>
        </test-method> <!-- TestTranslation -->
        <test-method signature="TestTranslation()[pri:0, instance:translatorTest.TranslatorParallelTest@4470fbd6]" started-at="2021-09-16T01:43:16 PET" name="TestTranslation" finished-at="2021-09-16T01:43:20 PET" duration-ms="4388" status="PASS">
          <reporter-output>
          </reporter-output>
        </test-method> <!-- TestTranslation -->
        <test-method signature="TestTranslation()[pri:0, instance:translatorTest.TranslatorParallelTest@4470fbd6]" started-at="2021-09-16T01:43:16 PET" name="TestTranslation" finished-at="2021-09-16T01:43:20 PET" duration-ms="4093" status="PASS">
          <reporter-output>
          </reporter-output>
        </test-method> <!-- TestTranslation -->
        <test-method signature="TestTranslation()[pri:0, instance:translatorTest.TranslatorParallelTest@4470fbd6]" started-at="2021-09-16T01:43:16 PET" name="TestTranslation" finished-at="2021-09-16T01:43:20 PET" duration-ms="3871" status="PASS">
          <reporter-output>
          </reporter-output>
        </test-method> <!-- TestTranslation -->
        <test-method signature="TestTranslation()[pri:0, instance:translatorTest.TranslatorParallelTest@4470fbd6]" started-at="2021-09-16T01:43:16 PET" name="TestTranslation" finished-at="2021-09-16T01:43:20 PET" duration-ms="4092" status="PASS">
          <reporter-output>
          </reporter-output>
        </test-method> <!-- TestTranslation -->
        <test-method signature="TestTranslation()[pri:0, instance:translatorTest.TranslatorParallelTest@4470fbd6]" started-at="2021-09-16T01:43:16 PET" name="TestTranslation" finished-at="2021-09-16T01:43:20 PET" duration-ms="4353" status="PASS">
          <reporter-output>
          </reporter-output>
        </test-method> <!-- TestTranslation -->
        <test-method signature="TestTranslation()[pri:0, instance:translatorTest.TranslatorParallelTest@4470fbd6]" started-at="2021-09-16T01:43:16 PET" name="TestTranslation" finished-at="2021-09-16T01:43:20 PET" duration-ms="4348" status="PASS">
          <reporter-output>
          </reporter-output>
        </test-method> <!-- TestTranslation -->
        <test-method signature="TestTranslation()[pri:0, instance:translatorTest.TranslatorParallelTest@4470fbd6]" started-at="2021-09-16T01:43:16 PET" name="TestTranslation" finished-at="2021-09-16T01:43:20 PET" duration-ms="4344" status="PASS">
          <reporter-output>
          </reporter-output>
        </test-method> <!-- TestTranslation -->
        <test-method signature="TestTranslation()[pri:0, instance:translatorTest.TranslatorParallelTest@4470fbd6]" started-at="2021-09-16T01:43:16 PET" name="TestTranslation" finished-at="2021-09-16T01:43:20 PET" duration-ms="4188" status="PASS">
          <reporter-output>
          </reporter-output>
        </test-method> <!-- TestTranslation -->
        <test-method signature="TestTranslation()[pri:0, instance:translatorTest.TranslatorParallelTest@4470fbd6]" started-at="2021-09-16T01:43:16 PET" name="TestTranslation" finished-at="2021-09-16T01:43:20 PET" duration-ms="4285" status="PASS">
          <reporter-output>
          </reporter-output>
        </test-method> <!-- TestTranslation -->
        <test-method signature="TestTranslation()[pri:0, instance:translatorTest.TranslatorParallelTest@4470fbd6]" started-at="2021-09-16T01:43:16 PET" name="TestTranslation" finished-at="2021-09-16T01:43:20 PET" duration-ms="4349" status="PASS">
          <reporter-output>
          </reporter-output>
        </test-method> <!-- TestTranslation -->
        <test-method signature="TestTranslation()[pri:0, instance:translatorTest.TranslatorParallelTest@4470fbd6]" started-at="2021-09-16T01:43:16 PET" name="TestTranslation" finished-at="2021-09-16T01:43:20 PET" duration-ms="4309" status="PASS">
          <reporter-output>
          </reporter-output>
        </test-method> <!-- TestTranslation -->
        <test-method signature="TestTranslation()[pri:0, instance:translatorTest.TranslatorParallelTest@4470fbd6]" started-at="2021-09-16T01:43:16 PET" name="TestTranslation" finished-at="2021-09-16T01:43:21 PET" duration-ms="5160" status="PASS">
          <reporter-output>
          </reporter-output>
        </test-method> <!-- TestTranslation -->
        <test-method signature="TestTranslation()[pri:0, instance:translatorTest.TranslatorParallelTest@4470fbd6]" started-at="2021-09-16T01:43:16 PET" name="TestTranslation" finished-at="2021-09-16T01:43:21 PET" duration-ms="5147" status="PASS">
          <reporter-output>
          </reporter-output>
        </test-method> <!-- TestTranslation -->
        <test-method signature="TestTranslation()[pri:0, instance:translatorTest.TranslatorParallelTest@4470fbd6]" started-at="2021-09-16T01:43:16 PET" name="TestTranslation" finished-at="2021-09-16T01:43:20 PET" duration-ms="3839" status="PASS">
          <reporter-output>
          </reporter-output>
        </test-method> <!-- TestTranslation -->
        <test-method signature="TestTranslation()[pri:0, instance:translatorTest.TranslatorParallelTest@4470fbd6]" started-at="2021-09-16T01:43:16 PET" name="TestTranslation" finished-at="2021-09-16T01:43:20 PET" duration-ms="4376" status="PASS">
          <reporter-output>
          </reporter-output>
        </test-method> <!-- TestTranslation -->
        <test-method signature="TestTranslation()[pri:0, instance:translatorTest.TranslatorParallelTest@4470fbd6]" started-at="2021-09-16T01:43:16 PET" name="TestTranslation" finished-at="2021-09-16T01:43:20 PET" duration-ms="4033" status="PASS">
          <reporter-output>
          </reporter-output>
        </test-method> <!-- TestTranslation -->
        <test-method signature="TestTranslation()[pri:0, instance:translatorTest.TranslatorParallelTest@4470fbd6]" started-at="2021-09-16T01:43:16 PET" name="TestTranslation" finished-at="2021-09-16T01:43:20 PET" duration-ms="3822" status="PASS">
          <reporter-output>
          </reporter-output>
        </test-method> <!-- TestTranslation -->
        <test-method signature="TestTranslation()[pri:0, instance:translatorTest.TranslatorParallelTest@4470fbd6]" started-at="2021-09-16T01:43:16 PET" name="TestTranslation" finished-at="2021-09-16T01:43:20 PET" duration-ms="4307" status="PASS">
          <reporter-output>
          </reporter-output>
        </test-method> <!-- TestTranslation -->
        <test-method signature="TestTranslation()[pri:0, instance:translatorTest.TranslatorParallelTest@4470fbd6]" started-at="2021-09-16T01:43:16 PET" name="TestTranslation" finished-at="2021-09-16T01:43:21 PET" duration-ms="5154" status="PASS">
          <reporter-output>
          </reporter-output>
        </test-method> <!-- TestTranslation -->
        <test-method signature="TestTranslation()[pri:0, instance:translatorTest.TranslatorParallelTest@4470fbd6]" started-at="2021-09-16T01:43:16 PET" name="TestTranslation" finished-at="2021-09-16T01:43:20 PET" duration-ms="4306" status="PASS">
          <reporter-output>
          </reporter-output>
        </test-method> <!-- TestTranslation -->
        <test-method signature="TestTranslation()[pri:0, instance:translatorTest.TranslatorParallelTest@4470fbd6]" started-at="2021-09-16T01:43:16 PET" name="TestTranslation" finished-at="2021-09-16T01:43:21 PET" duration-ms="5156" status="PASS">
          <reporter-output>
          </reporter-output>
        </test-method> <!-- TestTranslation -->
      </class> <!-- translatorTest.TranslatorParallelTest -->
    </test> <!-- Command line test -->
  </suite> <!-- Command line suite -->
</testng-results>
