<?xml version="1.0" encoding="UTF-8"?>
<!-- Generated by org.testng.reporters.JUnitXMLReporter -->
<testsuite ignored="0" hostname="MacBook-Pro-de-Antonio.local" failures="0" tests="10" name="Command line test" time="6.021" errors="0" timestamp="2021-09-16T00:22:42 PET">
  <testcase classname="translatorTest.TranslatorTest" name="TestConnBuilderConnSuccess" time="0.264"/>
  <testcase classname="translatorTest.TranslatorTest" name="TestConnBuilderTranslateFail" time="4.008"/>
  <testcase classname="translatorTest.TranslatorTest" name="TestConnBuilderTranslateSuccess" time="1.601"/>
  <testcase classname="translatorTest.TranslatorTest" name="TestConnBuilderUserAgentSuccess" time="0.001"/>
  <testcase classname="translatorTest.TranslatorTest" name="TestTranslateFailEmptyFrom" time="0.002"/>
  <testcase classname="translatorTest.TranslatorTest" name="TestTranslateFailEmptyText" time="0.001"/>
  <testcase classname="translatorTest.TranslatorTest" name="TestTranslateFailEmptyTo" time="0.0"/>
  <testcase classname="translatorTest.TranslatorTest" name="TestTranslateFailFullText" time="0.0"/>
  <testcase classname="translatorTest.TranslatorTest" name="TestUrlBuilderFail" time="0.002"/>
  <testcase classname="translatorTest.TranslatorTest" name="TestUrlBuilderSuccess" time="0.0"/>
</testsuite> <!-- Command line test -->
