<?xml version="1.0" encoding="UTF-8"?>
<!-- Generated by org.testng.reporters.JUnitXMLReporter -->
<testsuite ignored="0" hostname="MacBook-Pro-de-Antonio.local" failures="0" tests="10" name="Command line test" time="7.21" errors="0" timestamp="2021-09-16T00:12:25 PET">
  <testcase classname="translatorTest.TranslatorTest" name="TestConnBuilderConnSuccess" time="0.263"/>
  <testcase classname="translatorTest.TranslatorTest" name="TestConnBuilderTranslateFail" time="4.589"/>
  <testcase classname="translatorTest.TranslatorTest" name="TestConnBuilderTranslateSuccess" time="2.148"/>
  <testcase classname="translatorTest.TranslatorTest" name="TestConnBuilderUserAgentSuccess" time="0.002"/>
  <testcase classname="translatorTest.TranslatorTest" name="TestTranslateFailEmptyFrom" time="0.005"/>
  <testcase classname="translatorTest.TranslatorTest" name="TestTranslateFailEmptyText" time="0.0"/>
  <testcase classname="translatorTest.TranslatorTest" name="TestTranslateFailEmptyTo" time="0.0"/>
  <testcase classname="translatorTest.TranslatorTest" name="TestTranslateFailFullText" time="0.001"/>
  <testcase classname="translatorTest.TranslatorTest" name="TestUrlBuilderFail" time="0.003"/>
  <testcase classname="translatorTest.TranslatorTest" name="TestUrlBuilderSuccess" time="0.0"/>
</testsuite> <!-- Command line test -->
